  ▲ Next.js 14.2.28
  - Environments: .env
  - Experiments (use with caution):
    · outputFileTracingRoot

   Creating an optimized production build ...
 ✓ Compiled successfully
   Skipping linting
   Checking validity of types ...
   Collecting page data ...
   Generating static pages (0/4) ...
   Generating static pages (1/4) 
   Generating static pages (2/4) 
   Generating static pages (3/4) 
 ✓ Generating static pages (4/4)
   Finalizing page optimization ...
   Collecting build traces ...

Route (app)                              Size     First Load JS
┌ ○ /                                    42.3 kB         139 kB
├ ○ /_not-found                          872 B          88.1 kB
├ ƒ /api/auth/[...nextauth]              0 B                0 B
└ ƒ /api/signup                          0 B                0 B
+ First Load JS shared by all            87.2 kB
  ├ chunks/156-36bccd06aa642d3c.js       31.7 kB
  ├ chunks/ceb5afef-d98ad726377d3148.js  53.6 kB
  └ other shared chunks (total)          1.95 kB


○  (Static)   prerendered as static content
ƒ  (Dynamic)  server-rendered on demand

exit_code=0
