  ▲ Next.js 14.2.28
  - Local:        http://localhost:3000
  - Environments: .env
  - Experiments (use with caution):
    · outputFileTracingRoot

 ✓ Starting...
 ✓ Ready in 1509ms
 ○ Compiling / ...
 ✓ Compiled / in 1865ms (1353 modules)
 GET / 200 in 2162ms
 ✓ Compiled in 369ms (685 modules)
 GET / 200 in 33ms
 GET / 200 in 22ms
 GET / 200 in 21ms
 ✓ Compiled /api/auth/[...nextauth] in 377ms (909 modules)
 GET /api/auth/session 200 in 779ms
 GET /api/auth/session 200 in 26ms
 GET / 200 in 61ms
 ✓ Compiled in 597ms (685 modules)
 ✓ Compiled in 576ms (685 modules)
 ✓ Compiled in 201ms (685 modules)
 ✓ Compiled in 450ms (685 modules)
 ✓ Compiled in 510ms (689 modules)
[?25h
