  ▲ Next.js 14.2.28
  - Local:        http://localhost:3000
  - Environments: .env
  - Experiments (use with caution):
    · outputFileTracingRoot

 ✓ Starting...
Attention: Next.js now collects completely anonymous telemetry regarding usage.
This information is used to shape Next.js' roadmap and prioritize features.
You can learn more, including how to opt-out if you'd not like to participate in this anonymous program, by visiting the following URL:
https://nextjs.org/telemetry

 ✓ Ready in 1266ms
 ○ Compiling / ...
 ✓ Compiled / in 3.3s (1289 modules)
 GET / 200 in 3475ms
 ✓ Compiled in 270ms (642 modules)
 ✓ Compiled in 264ms (1256 modules)
 ✓ Compiled /_not-found in 241ms (1259 modules)
 GET /api/auth/providers 404 in 298ms
 ✓ Compiled in 387ms (644 modules)
 ✓ Compiled in 343ms (1271 modules)
[?25h
