  ▲ Next.js 14.2.28
  - Local:        http://localhost:3000
  - Environments: .env
  - Experiments (use with caution):
    · outputFileTracingRoot

 ✓ Starting...
 ✓ Ready in 1364ms
 ○ Compiling / ...
 ✓ Compiled / in 2.9s (1289 modules)
 GET / 200 in 3070ms
 ✓ Compiled in 351ms (642 modules)
 ○ Compiling /api/auth/[...nextauth] ...
 ✓ Compiled /api/auth/[...nextauth] in 687ms (867 modules)
 GET /api/auth/providers 200 in 1135ms
 GET / 200 in 60ms
 GET /api/auth/csrf 200 in 30ms
 ✓ Compiled /api/signup in 240ms (893 modules)
 POST /api/signup 201 in 480ms
 GET / 200 in 56ms
 GET /api/auth/signin 302 in 56ms
 GET /?callbackUrl=https://e52daa724.preview.abacusai.app 200 in 28ms
 GET /api/auth/csrf 200 in 15ms
 POST /api/auth/callback/credentials 302 in 92ms
 ✓ Compiled /_not-found in 299ms (1526 modules)
 GET /dashboard 404 in 339ms
 GET / 200 in 37ms
 ✓ Compiled in 580ms (684 modules)
 ✓ Compiled in 193ms (684 modules)
[?25h
