  ▲ Next.js 14.2.28
  - Environments: .env
  - Experiments (use with caution):
    · outputFileTracingRoot

   Creating an optimized production build ...
 ✓ Compiled successfully
   Skipping linting
   Checking validity of types ...
   Collecting page data ...
   Generating static pages (0/5) ...
   Generating static pages (1/5) 
   Generating static pages (2/5) 
   Generating static pages (3/5) 
 ✓ Generating static pages (5/5)
   Finalizing page optimization ...
   Collecting build traces ...

Route (app)                              Size     First Load JS
┌ ○ /                                    5.7 kB          140 kB
├ ○ /_not-found                          872 B          88.1 kB
├ ƒ /api/articles                        0 B                0 B
├ ƒ /api/articles/[slug]                 0 B                0 B
├ ƒ /api/auth/[...nextauth]              0 B                0 B
├ ƒ /api/signup                          0 B                0 B
└ ƒ /article/[slug]                      3.16 kB         127 kB
+ First Load JS shared by all            87.2 kB
  ├ chunks/156-36bccd06aa642d3c.js       31.7 kB
  ├ chunks/ceb5afef-d98ad726377d3148.js  53.6 kB
  └ other shared chunks (total)          1.95 kB


○  (Static)   prerendered as static content
ƒ  (Dynamic)  server-rendered on demand

exit_code=0
