  ▲ Next.js 14.2.28
  - Local:        http://localhost:3000
  - Environments: .env
  - Experiments (use with caution):
    · outputFileTracingRoot

 ✓ Starting...
 ✓ Ready in 1516ms
 ○ Compiling / ...
 ✓ Compiled / in 3s (1374 modules)
 GET / 200 in 3192ms
 ✓ Compiled in 350ms (685 modules)
 ✓ Compiled /api/auth/[...nextauth] in 383ms (909 modules)
 GET /api/auth/providers 200 in 804ms
 GET / 200 in 59ms
 GET /api/auth/session 200 in 31ms
 GET /api/auth/session 200 in 23ms
 GET /api/auth/csrf 200 in 31ms
 ✓ Compiled /api/signup in 146ms (935 modules)
 POST /api/signup 201 in 370ms
 GET / 200 in 47ms
 GET /api/auth/signin 302 in 35ms
 GET /?callbackUrl=https://e52daa724.preview.abacusai.app 200 in 24ms
 GET /api/auth/csrf 200 in 14ms
 POST /api/auth/callback/credentials 302 in 92ms
 ✓ Compiled /_not-found in 315ms (1611 modules)
 GET /dashboard 404 in 360ms
 GET / 200 in 35ms
 GET /api/auth/session 200 in 43ms
 GET /api/auth/session 200 in 16ms
 GET / 200 in 28ms
[?25h
