  ▲ Next.js 14.2.28
  - Local:        http://localhost:3000
  - Environments: .env
  - Experiments (use with caution):
    · outputFileTracingRoot

 ✓ Starting...
 ✓ Ready in 1542ms
 ○ Compiling / ...
 ✓ Compiled / in 2s (1361 modules)
 GET / 200 in 2085ms
 ✓ Compiled in 416ms (689 modules)
 ✓ Compiled /api/auth/[...nextauth] in 412ms (913 modules)
 GET /api/auth/providers 200 in 847ms
 GET / 200 in 76ms
 ✓ Compiled /api/articles in 221ms (939 modules)
 GET /api/auth/session 200 in 435ms
 GET /api/auth/session 200 in 16ms
 GET /api/articles?limit=5 200 in 543ms
 GET /api/articles?limit=5 200 in 19ms
 GET /api/auth/csrf 200 in 31ms
 ✓ Compiled /api/signup in 141ms (941 modules)
 POST /api/signup 201 in 268ms
 GET / 200 in 49ms
 GET /api/auth/signin 302 in 40ms
 GET /?callbackUrl=https://e52daa724.preview.abacusai.app 200 in 25ms
 GET /api/auth/csrf 200 in 20ms
 POST /api/auth/callback/credentials 302 in 98ms
 ✓ Compiled /_not-found in 421ms (1621 modules)
 GET /dashboard 404 in 468ms
 GET / 200 in 38ms
 GET /api/articles?limit=5 200 in 54ms
 GET /api/auth/session 200 in 56ms
 GET /api/articles?limit=5 200 in 24ms
 GET /api/auth/session 200 in 24ms
